MongoDB connected
node:events:487
      throw er; // Unhandled 'error' event
      ^

Error: listen EADDRINUSE: address already in use :::5000
    at Server.setupListenHandle [as _listen2] (node:net:2008:16)
    at listenInCluster (node:net:2065:12)
    at Server.listen (node:net:2170:7)
    at app.listen (C:\Users\yadny\Desktop\ClassPlus Assignment\backend\node_modules\express\lib\application.js:635:24)
    at C:\Users\yadny\Desktop\ClassPlus Assignment\backend\server.js:28:7
    at process.processTicksAndRejections (node:internal/process/task_queues:104:5)
Emitted 'error' event on Server instance at:
    at emitErrorNT (node:net:2044:8)
    at process.processTicksAndRejections (node:internal/process/task_queues:90:21) {
  code: 'EADDRINUSE',
  errno: -4091,
  syscall: 'listen',
  address: '::',
  port: 5000
}

Node.js v24.15.0
